Started GET "/" for ::1 at 2020-02-03 17:30:44 -0500
  [1m[35m (3.1ms)[0m  [1m[34mSELECT sqlite_version(*)[0m
Processing by ApplicationController#hello as HTML
  Rendering html template
  Rendered html template (Duration: 0.3ms | Allocations: 5)
Completed 200 OK in 14ms (Views: 9.1ms | ActiveRecord: 0.0ms | Allocations: 1697)


Started GET "/" for ::1 at 2020-02-07 15:17:25 -0500
  [1m[35m (3.7ms)[0m  [1m[34mSELECT sqlite_version(*)[0m
Processing by ApplicationController#hello as HTML
  Rendering html template
  Rendered html template (Duration: 0.1ms | Allocations: 5)
Completed 200 OK in 27ms (Views: 14.6ms | ActiveRecord: 0.0ms | Allocations: 1610)


  [1m[35m (0.5ms)[0m  [1m[34mSELECT sqlite_version(*)[0m
  [1m[35m (0.5ms)[0m  [1m[34mSELECT sqlite_version(*)[0m
  [1m[35m (1.7ms)[0m  [1m[35mCREATE TABLE "schema_migrations" ("version" varchar NOT NULL PRIMARY KEY)[0m
  [1m[35m (2.0ms)[0m  [1m[35mCREATE TABLE "ar_internal_metadata" ("key" varchar NOT NULL PRIMARY KEY, "value" varchar, "created_at" datetime(6) NOT NULL, "updated_at" datetime(6) NOT NULL)[0m
  [1m[35m (0.2ms)[0m  [1m[34mSELECT "schema_migrations"."version" FROM "schema_migrations" ORDER BY "schema_migrations"."version" ASC[0m
Migrating to CreateUsers (20200207203543)
  [1m[35m (0.1ms)[0m  [1m[36mbegin transaction[0m
  [1m[35m (1.0ms)[0m  [1m[35mCREATE TABLE "users" ("id" integer PRIMARY KEY AUTOINCREMENT NOT NULL, "first_name" varchar, "last_name" varchar, "email" varchar, "profile" varchar, "phone" varchar, "password" varchar, "created_at" datetime(6) NOT NULL, "updated_at" datetime(6) NOT NULL)[0m
  [1m[36mprimary::SchemaMigration Create (0.2ms)[0m  [1m[32mINSERT INTO "schema_migrations" ("version") VALUES (?)[0m  [["version", "20200207203543"]]
  [1m[35m (1.1ms)[0m  [1m[36mcommit transaction[0m
Migrating to CreateEvents (20200207204344)
  [1m[35m (0.1ms)[0m  [1m[36mbegin transaction[0m
  [1m[35m (0.7ms)[0m  [1m[35mCREATE TABLE "events" ("id" integer PRIMARY KEY AUTOINCREMENT NOT NULL, "name" varchar, "tags" varchar, "date_from" date, "date_to" date, "location" varchar, "dexcription" varchar, "time_from" time, "time_to" time, "created_at" datetime(6) NOT NULL, "updated_at" datetime(6) NOT NULL)[0m
  [1m[36mprimary::SchemaMigration Create (0.2ms)[0m  [1m[32mINSERT INTO "schema_migrations" ("version") VALUES (?)[0m  [["version", "20200207204344"]]
  [1m[35m (0.9ms)[0m  [1m[36mcommit transaction[0m
Migrating to CreateUserEventRelationships (20200207204844)
  [1m[35m (0.1ms)[0m  [1m[36mbegin transaction[0m
  [1m[35m (0.6ms)[0m  [1m[35mCREATE TABLE "user_event_relationships" ("id" integer PRIMARY KEY AUTOINCREMENT NOT NULL, "event_id" integer, "user_id" integer, "role_type_id" integer, "created_at" datetime(6) NOT NULL, "updated_at" datetime(6) NOT NULL)[0m
  [1m[36mprimary::SchemaMigration Create (0.2ms)[0m  [1m[32mINSERT INTO "schema_migrations" ("version") VALUES (?)[0m  [["version", "20200207204844"]]
  [1m[35m (1.3ms)[0m  [1m[36mcommit transaction[0m
Migrating to CreateRoleTypePermissions (20200207205432)
  [1m[35m (0.1ms)[0m  [1m[36mbegin transaction[0m
  [1m[35m (5.1ms)[0m  [1m[35mCREATE TABLE "role_type_permissions" ("id" integer PRIMARY KEY AUTOINCREMENT NOT NULL, "role_type" varchar, "modify_event" boolean, "delete_event" boolean, "created_at" datetime(6) NOT NULL, "updated_at" datetime(6) NOT NULL)[0m
  [1m[36mprimary::SchemaMigration Create (0.2ms)[0m  [1m[32mINSERT INTO "schema_migrations" ("version") VALUES (?)[0m  [["version", "20200207205432"]]
  [1m[35m (1.0ms)[0m  [1m[36mcommit transaction[0m
Migrating to CreateMapMarkers (20200207205709)
  [1m[35m (0.1ms)[0m  [1m[36mbegin transaction[0m
  [1m[35m (0.7ms)[0m  [1m[35mCREATE TABLE "map_markers" ("id" integer PRIMARY KEY AUTOINCREMENT NOT NULL, "message" varchar, "location" varchar, "event_id" integer, "type" varchar, "created_at" datetime(6) NOT NULL, "updated_at" datetime(6) NOT NULL)[0m
  [1m[36mprimary::SchemaMigration Create (0.3ms)[0m  [1m[32mINSERT INTO "schema_migrations" ("version") VALUES (?)[0m  [["version", "20200207205709"]]
  [1m[35m (1.9ms)[0m  [1m[36mcommit transaction[0m
  [1m[36mActiveRecord::InternalMetadata Load (0.2ms)[0m  [1m[34mSELECT "ar_internal_metadata".* FROM "ar_internal_metadata" WHERE "ar_internal_metadata"."key" = ? LIMIT ?[0m  [["key", "environment"], ["LIMIT", 1]]
  [1m[35m (0.1ms)[0m  [1m[36mbegin transaction[0m
  [1m[36mActiveRecord::InternalMetadata Create (0.7ms)[0m  [1m[32mINSERT INTO "ar_internal_metadata" ("key", "value", "created_at", "updated_at") VALUES (?, ?, ?, ?)[0m  [["key", "environment"], ["value", "development"], ["created_at", "2020-02-07 21:01:54.842447"], ["updated_at", "2020-02-07 21:01:54.842447"]]
  [1m[35m (1.0ms)[0m  [1m[36mcommit transaction[0m
  [1m[35m (0.1ms)[0m  [1m[34mSELECT sqlite_version(*)[0m
  [1m[35m (0.2ms)[0m  [1m[34mSELECT "schema_migrations"."version" FROM "schema_migrations" ORDER BY "schema_migrations"."version" ASC[0m
Started GET "/" for ::1 at 2020-02-07 17:47:55 -0500
  [1m[35m (3.2ms)[0m  [1m[34mSELECT sqlite_version(*)[0m
  [1m[35m (0.4ms)[0m  [1m[34mSELECT "schema_migrations"."version" FROM "schema_migrations" ORDER BY "schema_migrations"."version" ASC[0m
Processing by ApplicationController#hello as HTML
  Rendering html template
  Rendered html template (Duration: 0.1ms | Allocations: 5)
Completed 200 OK in 8ms (Views: 3.9ms | ActiveRecord: 0.0ms | Allocations: 1071)


  [1m[35m (0.8ms)[0m  [1m[34mSELECT sqlite_version(*)[0m
  [1m[35m (0.4ms)[0m  [1m[34mSELECT "schema_migrations"."version" FROM "schema_migrations" ORDER BY "schema_migrations"."version" ASC[0m
  [1m[36mActiveRecord::InternalMetadata Load (0.6ms)[0m  [1m[34mSELECT "ar_internal_metadata".* FROM "ar_internal_metadata" WHERE "ar_internal_metadata"."key" = ? LIMIT ?[0m  [["key", "environment"], ["LIMIT", 1]]
  [1m[35m (0.1ms)[0m  [1m[34mSELECT sqlite_version(*)[0m
  [1m[35m (0.1ms)[0m  [1m[34mSELECT "schema_migrations"."version" FROM "schema_migrations" ORDER BY "schema_migrations"."version" ASC[0m
  [1m[35m (0.4ms)[0m  [1m[34mSELECT sqlite_version(*)[0m
  [1m[35m (0.1ms)[0m  [1m[34mSELECT "schema_migrations"."version" FROM "schema_migrations" ORDER BY "schema_migrations"."version" ASC[0m
  [1m[35m (0.1ms)[0m  [1m[34mSELECT sqlite_version(*)[0m
  [1m[36mUser Destroy (1.8ms)[0m  [1m[31mDELETE FROM "users"[0m
  [1m[36mEvent Destroy (1.2ms)[0m  [1m[31mDELETE FROM "events"[0m
  [1m[36mUserEventRelationship Destroy (1.2ms)[0m  [1m[31mDELETE FROM "user_event_relationships"[0m
  [1m[36mMapMarker Destroy (1.2ms)[0m  [1m[31mDELETE FROM "map_markers"[0m
  [1m[36mRoleTypePermission Destroy (0.9ms)[0m  [1m[31mDELETE FROM "role_type_permissions"[0m
  [1m[35m (0.4ms)[0m  [1m[34mSELECT sqlite_version(*)[0m
  [1m[35m (0.2ms)[0m  [1m[34mSELECT "schema_migrations"."version" FROM "schema_migrations" ORDER BY "schema_migrations"."version" ASC[0m
  [1m[35m (0.1ms)[0m  [1m[34mSELECT sqlite_version(*)[0m
  [1m[36mUser Destroy (1.1ms)[0m  [1m[31mDELETE FROM "users"[0m
  [1m[36mEvent Destroy (1.0ms)[0m  [1m[31mDELETE FROM "events"[0m
  [1m[36mUserEventRelationship Destroy (1.1ms)[0m  [1m[31mDELETE FROM "user_event_relationships"[0m
  [1m[36mMapMarker Destroy (1.0ms)[0m  [1m[31mDELETE FROM "map_markers"[0m
  [1m[36mRoleTypePermission Destroy (1.0ms)[0m  [1m[31mDELETE FROM "role_type_permissions"[0m
  [1m[35m (0.1ms)[0m  [1m[36mbegin transaction[0m
  [1m[36mUser Create (0.6ms)[0m  [1m[32mINSERT INTO "users" ("first_name", "last_name", "email", "profile", "phone", "password", "created_at", "updated_at") VALUES (?, ?, ?, ?, ?, ?, ?, ?)[0m  [["first_name", "Gregory"], ["last_name", "Jacobs"], ["email", "phil@mclaughlin.co"], ["profile", "The IB feed is down, hack the auxiliary alarm so we can reboot the PCI capacitor!"], ["phone", "5907795952"], ["password", "6729503412"], ["created_at", "2020-02-11 16:32:49.864781"], ["updated_at", "2020-02-11 16:32:49.864781"]]
  [1m[35m (2.2ms)[0m  [1m[36mcommit transaction[0m
  [1m[35m (0.1ms)[0m  [1m[36mbegin transaction[0m
  [1m[36mUser Create (0.5ms)[0m  [1m[32mINSERT INTO "users" ("first_name", "last_name", "email", "profile", "phone", "password", "created_at", "updated_at") VALUES (?, ?, ?, ?, ?, ?, ?, ?)[0m  [["first_name", "Adalberto"], ["last_name", "Pagac"], ["email", "margart@zemlak.org"], ["profile", "Calculating the panel won't do anything, we need to program the neural sas driver!"], ["phone", "4592908748"], ["password", "3779504055"], ["created_at", "2020-02-11 16:32:49.875789"], ["updated_at", "2020-02-11 16:32:49.875789"]]
  [1m[35m (1.0ms)[0m  [1m[36mcommit transaction[0m
  [1m[35m (0.1ms)[0m  [1m[36mbegin transaction[0m
  [1m[36mUser Create (0.4ms)[0m  [1m[32mINSERT INTO "users" ("first_name", "last_name", "email", "profile", "phone", "password", "created_at", "updated_at") VALUES (?, ?, ?, ?, ?, ?, ?, ?)[0m  [["first_name", "Lawrence"], ["last_name", "Fay"], ["email", "arnoldo_hamill@howe.biz"], ["profile", "You can't transmit the protocol without connecting the optical SSL circuit!"], ["phone", "3565559268"], ["password", "7422954808"], ["created_at", "2020-02-11 16:32:49.883000"], ["updated_at", "2020-02-11 16:32:49.883000"]]
  [1m[35m (0.9ms)[0m  [1m[36mcommit transaction[0m
  [1m[35m (0.1ms)[0m  [1m[36mbegin transaction[0m
  [1m[36mUser Create (0.4ms)[0m  [1m[32mINSERT INTO "users" ("first_name", "last_name", "email", "profile", "phone", "password", "created_at", "updated_at") VALUES (?, ?, ?, ?, ?, ?, ?, ?)[0m  [["first_name", "Sol"], ["last_name", "Russel"], ["email", "adrian.abernathy@bechtelarsteuber.info"], ["profile", "Connecting the alarm won't do anything, we need to copy the optical ai alarm!"], ["phone", "2080677299"], ["password", "5630263274"], ["created_at", "2020-02-11 16:32:49.888478"], ["updated_at", "2020-02-11 16:32:49.888478"]]
  [1m[35m (0.8ms)[0m  [1m[36mcommit transaction[0m
  [1m[35m (0.1ms)[0m  [1m[36mbegin transaction[0m
  [1m[36mUser Create (1.1ms)[0m  [1m[32mINSERT INTO "users" ("first_name", "last_name", "email", "profile", "phone", "password", "created_at", "updated_at") VALUES (?, ?, ?, ?, ?, ?, ?, ?)[0m  [["first_name", "Garfield"], ["last_name", "Homenick"], ["email", "brittani.metz@ruecker.net"], ["profile", "You can't navigate the system without bypassing the cross-platform SCSI sensor!"], ["phone", "5281860468"], ["password", "2509447742"], ["created_at", "2020-02-11 16:32:49.896769"], ["updated_at", "2020-02-11 16:32:49.896769"]]
  [1m[35m (1.0ms)[0m  [1m[36mcommit transaction[0m
  [1m[35m (0.1ms)[0m  [1m[36mbegin transaction[0m
  [1m[36mUser Create (0.4ms)[0m  [1m[32mINSERT INTO "users" ("first_name", "last_name", "email", "profile", "phone", "password", "created_at", "updated_at") VALUES (?, ?, ?, ?, ?, ?, ?, ?)[0m  [["first_name", "Octavia"], ["last_name", "Lowe"], ["email", "cindie@pouros.info"], ["profile", "We need to override the solid state SSL monitor!"], ["phone", "8575542741"], ["password", "6846825284"], ["created_at", "2020-02-11 16:32:49.905197"], ["updated_at", "2020-02-11 16:32:49.905197"]]
  [1m[35m (0.8ms)[0m  [1m[36mcommit transaction[0m
  [1m[35m (0.1ms)[0m  [1m[36mbegin transaction[0m
  [1m[36mUser Create (0.5ms)[0m  [1m[32mINSERT INTO "users" ("first_name", "last_name", "email", "profile", "phone", "password", "created_at", "updated_at") VALUES (?, ?, ?, ?, ?, ?, ?, ?)[0m  [["first_name", "Voncile"], ["last_name", "Lubowitz"], ["email", "despina@torp.org"], ["profile", "You can't quantify the capacitor without bypassing the neural THX circuit!"], ["phone", "3498559874"], ["password", "5939739947"], ["created_at", "2020-02-11 16:32:49.914389"], ["updated_at", "2020-02-11 16:32:49.914389"]]
  [1m[35m (2.5ms)[0m  [1m[36mcommit transaction[0m
  [1m[35m (0.1ms)[0m  [1m[36mbegin transaction[0m
  [1m[36mUser Create (0.4ms)[0m  [1m[32mINSERT INTO "users" ("first_name", "last_name", "email", "profile", "phone", "password", "created_at", "updated_at") VALUES (?, ?, ?, ?, ?, ?, ?, ?)[0m  [["first_name", "Roseanne"], ["last_name", "O'Keefe"], ["email", "tamatha@zulauf.name"], ["profile", "If we index the array, we can get to the SAS alarm through the online SCSI alarm!"], ["phone", "7654312897"], ["password", "2231141009"], ["created_at", "2020-02-11 16:32:49.958591"], ["updated_at", "2020-02-11 16:32:49.958591"]]
  [1m[35m (1.4ms)[0m  [1m[36mcommit transaction[0m
  [1m[35m (0.1ms)[0m  [1m[36mbegin transaction[0m
  [1m[36mUser Create (0.4ms)[0m  [1m[32mINSERT INTO "users" ("first_name", "last_name", "email", "profile", "phone", "password", "created_at", "updated_at") VALUES (?, ?, ?, ?, ?, ?, ?, ?)[0m  [["first_name", "Christy"], ["last_name", "Beahan"], ["email", "madge.brown@feeneybergnaum.com"], ["profile", "Use the neural JBOD array, then you can hack the cross-platform pixel!"], ["phone", "3922725766"], ["password", "2957070052"], ["created_at", "2020-02-11 16:32:49.968311"], ["updated_at", "2020-02-11 16:32:49.968311"]]
  [1m[35m (0.9ms)[0m  [1m[36mcommit transaction[0m
  [1m[35m (0.1ms)[0m  [1m[36mbegin transaction[0m
  [1m[36mUser Create (0.6ms)[0m  [1m[32mINSERT INTO "users" ("first_name", "last_name", "email", "profile", "phone", "password", "created_at", "updated_at") VALUES (?, ?, ?, ?, ?, ?, ?, ?)[0m  [["first_name", "Theo"], ["last_name", "Maggio"], ["email", "micah.marks@erdman.biz"], ["profile", "Compressing the panel won't do anything, we need to override the wireless exe array!"], ["phone", "9571253353"], ["password", "9384873381"], ["created_at", "2020-02-11 16:32:49.974372"], ["updated_at", "2020-02-11 16:32:49.974372"]]
  [1m[35m (1.0ms)[0m  [1m[36mcommit transaction[0m
  [1m[35m (0.1ms)[0m  [1m[36mbegin transaction[0m
  [1m[36mUser Create (0.4ms)[0m  [1m[32mINSERT INTO "users" ("first_name", "last_name", "email", "profile", "phone", "password", "created_at", "updated_at") VALUES (?, ?, ?, ?, ?, ?, ?, ?)[0m  [["first_name", "Dexter"], ["last_name", "Cremin"], ["email", "marcellus@goyette.name"], ["profile", "Use the open-source SQL card, then you can override the redundant card!"], ["phone", "9009566510"], ["password", "7796910130"], ["created_at", "2020-02-11 16:32:49.981814"], ["updated_at", "2020-02-11 16:32:49.981814"]]
  [1m[35m (1.2ms)[0m  [1m[36mcommit transaction[0m
  [1m[35m (0.1ms)[0m  [1m[36mbegin transaction[0m
  [1m[36mUser Create (0.4ms)[0m  [1m[32mINSERT INTO "users" ("first_name", "last_name", "email", "profile", "phone", "password", "created_at", "updated_at") VALUES (?, ?, ?, ?, ?, ?, ?, ?)[0m  [["first_name", "Anton"], ["last_name", "Schimmel"], ["email", "chance@heathcote.info"], ["profile", "We need to generate the back-end SMTP capacitor!"], ["phone", "1964593053"], ["password", "5556648529"], ["created_at", "2020-02-11 16:32:49.987941"], ["updated_at", "2020-02-11 16:32:49.987941"]]
  [1m[35m (0.8ms)[0m  [1m[36mcommit transaction[0m
  [1m[35m (0.0ms)[0m  [1m[36mbegin transaction[0m
  [1m[36mUser Create (0.4ms)[0m  [1m[32mINSERT INTO "users" ("first_name", "last_name", "email", "profile", "phone", "password", "created_at", "updated_at") VALUES (?, ?, ?, ?, ?, ?, ?, ?)[0m  [["first_name", "Yetta"], ["last_name", "Quigley"], ["email", "corey@quigley.net"], ["profile", "Indexing the bandwidth won't do anything, we need to back up the wireless hdd bandwidth!"], ["phone", "2629231734"], ["password", "3146680685"], ["created_at", "2020-02-11 16:32:49.994390"], ["updated_at", "2020-02-11 16:32:49.994390"]]
  [1m[35m (1.0ms)[0m  [1m[36mcommit transaction[0m
  [1m[35m (0.1ms)[0m  [1m[36mbegin transaction[0m
  [1m[36mUser Create (0.5ms)[0m  [1m[32mINSERT INTO "users" ("first_name", "last_name", "email", "profile", "phone", "password", "created_at", "updated_at") VALUES (?, ?, ?, ?, ?, ?, ?, ?)[0m  [["first_name", "Joaquina"], ["last_name", "Koelpin"], ["email", "long_paucek@walkerpaucek.co"], ["profile", "Try to compress the PCI pixel, maybe it will quantify the multi-byte circuit!"], ["phone", "9452701879"], ["password", "3553369212"], ["created_at", "2020-02-11 16:32:50.000011"], ["updated_at", "2020-02-11 16:32:50.000011"]]
  [1m[35m (1.3ms)[0m  [1m[36mcommit transaction[0m
  [1m[35m (0.1ms)[0m  [1m[36mbegin transaction[0m
  [1m[36mUser Create (0.4ms)[0m  [1m[32mINSERT INTO "users" ("first_name", "last_name", "email", "profile", "phone", "password", "created_at", "updated_at") VALUES (?, ?, ?, ?, ?, ?, ?, ?)[0m  [["first_name", "Pia"], ["last_name", "Weimann"], ["email", "mirella@boyer.name"], ["profile", "Try to copy the FTP monitor, maybe it will quantify the haptic port!"], ["phone", "4660321655"], ["password", "3665373776"], ["created_at", "2020-02-11 16:32:50.008422"], ["updated_at", "2020-02-11 16:32:50.008422"]]
  [1m[35m (0.8ms)[0m  [1m[36mcommit transaction[0m
  [1m[35m (0.0ms)[0m  [1m[36mbegin transaction[0m
  [1m[36mUser Create (0.4ms)[0m  [1m[32mINSERT INTO "users" ("first_name", "last_name", "email", "profile", "phone", "password", "created_at", "updated_at") VALUES (?, ?, ?, ?, ?, ?, ?, ?)[0m  [["first_name", "Oswaldo"], ["last_name", "Gaylord"], ["email", "eric.smith@croninstamm.name"], ["profile", "We need to generate the redundant GB system!"], ["phone", "1205171420"], ["password", "3903010211"], ["created_at", "2020-02-11 16:32:50.014039"], ["updated_at", "2020-02-11 16:32:50.014039"]]
  [1m[35m (0.9ms)[0m  [1m[36mcommit transaction[0m
  [1m[35m (0.0ms)[0m  [1m[36mbegin transaction[0m
  [1m[36mUser Create (0.4ms)[0m  [1m[32mINSERT INTO "users" ("first_name", "last_name", "email", "profile", "phone", "password", "created_at", "updated_at") VALUES (?, ?, ?, ?, ?, ?, ?, ?)[0m  [["first_name", "Antonetta"], ["last_name", "Price"], ["email", "eliz@haag.name"], ["profile", "We need to calculate the haptic PNG firewall!"], ["phone", "9331972756"], ["password", "5718871253"], ["created_at", "2020-02-11 16:32:50.019387"], ["updated_at", "2020-02-11 16:32:50.019387"]]
  [1m[35m (0.9ms)[0m  [1m[36mcommit transaction[0m
  [1m[35m (0.0ms)[0m  [1m[36mbegin transaction[0m
  [1m[36mUser Create (0.3ms)[0m  [1m[32mINSERT INTO "users" ("first_name", "last_name", "email", "profile", "phone", "password", "created_at", "updated_at") VALUES (?, ?, ?, ?, ?, ?, ?, ?)[0m  [["first_name", "Fletcher"], ["last_name", "Schroeder"], ["email", "juliana.wintheiser@borer.io"], ["profile", "Synthesizing the card won't do anything, we need to generate the cross-platform agp matrix!"], ["phone", "6875932161"], ["password", "1808624496"], ["created_at", "2020-02-11 16:32:50.024688"], ["updated_at", "2020-02-11 16:32:50.024688"]]
  [1m[35m (0.8ms)[0m  [1m[36mcommit transaction[0m
  [1m[35m (0.0ms)[0m  [1m[36mbegin transaction[0m
  [1m[36mUser Create (0.3ms)[0m  [1m[32mINSERT INTO "users" ("first_name", "last_name", "email", "profile", "phone", "password", "created_at", "updated_at") VALUES (?, ?, ?, ?, ?, ?, ?, ?)[0m  [["first_name", "Clint"], ["last_name", "Grady"], ["email", "carlton@turnermclaughlin.io"], ["profile", "Transmitting the protocol won't do anything, we need to program the back-end ai application!"], ["phone", "9776623184"], ["password", "8744320273"], ["created_at", "2020-02-11 16:32:50.030028"], ["updated_at", "2020-02-11 16:32:50.030028"]]
  [1m[35m (0.8ms)[0m  [1m[36mcommit transaction[0m
  [1m[35m (0.0ms)[0m  [1m[36mbegin transaction[0m
  [1m[36mUser Create (0.4ms)[0m  [1m[32mINSERT INTO "users" ("first_name", "last_name", "email", "profile", "phone", "password", "created_at", "updated_at") VALUES (?, ?, ?, ?, ?, ?, ?, ?)[0m  [["first_name", "Daryl"], ["last_name", "Murray"], ["email", "jenine@leschkuvalis.io"], ["profile", "Use the 1080p USB matrix, then you can bypass the auxiliary alarm!"], ["phone", "1676783854"], ["password", "5589991387"], ["created_at", "2020-02-11 16:32:50.035167"], ["updated_at", "2020-02-11 16:32:50.035167"]]
  [1m[35m (0.9ms)[0m  [1m[36mcommit transaction[0m
  [1m[35m (0.0ms)[0m  [1m[36mbegin transaction[0m
  [1m[36mUser Create (0.4ms)[0m  [1m[32mINSERT INTO "users" ("first_name", "last_name", "email", "profile", "phone", "password", "created_at", "updated_at") VALUES (?, ?, ?, ?, ?, ?, ?, ?)[0m  [["first_name", "Wilton"], ["last_name", "Schmidt"], ["email", "gino@bradtkebradtke.org"], ["profile", "The SAS driver is down, synthesize the haptic firewall so we can synthesize the TCP bus!"], ["phone", "5515486748"], ["password", "9453452375"], ["created_at", "2020-02-11 16:32:50.040503"], ["updated_at", "2020-02-11 16:32:50.040503"]]
  [1m[35m (1.3ms)[0m  [1m[36mcommit transaction[0m
  [1m[35m (0.0ms)[0m  [1m[36mbegin transaction[0m
  [1m[36mUser Create (0.4ms)[0m  [1m[32mINSERT INTO "users" ("first_name", "last_name", "email", "profile", "phone", "password", "created_at", "updated_at") VALUES (?, ?, ?, ?, ?, ?, ?, ?)[0m  [["first_name", "Vincent"], ["last_name", "Olson"], ["email", "asa_osinski@beer.co"], ["profile", "Use the neural ADP driver, then you can quantify the haptic circuit!"], ["phone", "1800867695"], ["password", "2366237539"], ["created_at", "2020-02-11 16:32:50.046224"], ["updated_at", "2020-02-11 16:32:50.046224"]]
  [1m[35m (0.9ms)[0m  [1m[36mcommit transaction[0m
  [1m[35m (0.0ms)[0m  [1m[36mbegin transaction[0m
  [1m[36mUser Create (0.3ms)[0m  [1m[32mINSERT INTO "users" ("first_name", "last_name", "email", "profile", "phone", "password", "created_at", "updated_at") VALUES (?, ?, ?, ?, ?, ?, ?, ?)[0m  [["first_name", "Antonia"], ["last_name", "Murphy"], ["email", "lue.kuphal@blanda.net"], ["profile", "Try to index the AI firewall, maybe it will input the digital driver!"], ["phone", "7833655786"], ["password", "4461948533"], ["created_at", "2020-02-11 16:32:50.051708"], ["updated_at", "2020-02-11 16:32:50.051708"]]
  [1m[35m (0.9ms)[0m  [1m[36mcommit transaction[0m
  [1m[35m (0.0ms)[0m  [1m[36mbegin transaction[0m
  [1m[36mUser Create (0.3ms)[0m  [1m[32mINSERT INTO "users" ("first_name", "last_name", "email", "profile", "phone", "password", "created_at", "updated_at") VALUES (?, ?, ?, ?, ?, ?, ?, ?)[0m  [["first_name", "Brittny"], ["last_name", "Stracke"], ["email", "mirian@rennerfay.org"], ["profile", "If we index the bandwidth, we can get to the IB driver through the solid state RAM firewall!"], ["phone", "6372254058"], ["password", "9083430380"], ["created_at", "2020-02-11 16:32:50.057395"], ["updated_at", "2020-02-11 16:32:50.057395"]]
  [1m[35m (0.9ms)[0m  [1m[36mcommit transaction[0m
  [1m[35m (0.0ms)[0m  [1m[36mbegin transaction[0m
  [1m[36mUser Create (0.3ms)[0m  [1m[32mINSERT INTO "users" ("first_name", "last_name", "email", "profile", "phone", "password", "created_at", "updated_at") VALUES (?, ?, ?, ?, ?, ?, ?, ?)[0m  [["first_name", "Melodee"], ["last_name", "Gutkowski"], ["email", "terrence@lueilwitz.co"], ["profile", "The RAM transmitter is down, transmit the 1080p card so we can override the PCI application!"], ["phone", "7115507586"], ["password", "8670853861"], ["created_at", "2020-02-11 16:32:50.062897"], ["updated_at", "2020-02-11 16:32:50.062897"]]
  [1m[35m (0.9ms)[0m  [1m[36mcommit transaction[0m
  [1m[35m (0.0ms)[0m  [1m[36mbegin transaction[0m
  [1m[36mUser Create (0.4ms)[0m  [1m[32mINSERT INTO "users" ("first_name", "last_name", "email", "profile", "phone", "password", "created_at", "updated_at") VALUES (?, ?, ?, ?, ?, ?, ?, ?)[0m  [["first_name", "Ping"], ["last_name", "Koepp"], ["email", "shu@heidenreich.io"], ["profile", "I'll compress the open-source PNG microchip, that should pixel the SMTP transmitter!"], ["phone", "2198886957"], ["password", "2514978365"], ["created_at", "2020-02-11 16:32:50.068998"], ["updated_at", "2020-02-11 16:32:50.068998"]]
  [1m[35m (0.9ms)[0m  [1m[36mcommit transaction[0m
  [1m[35m (0.0ms)[0m  [1m[36mbegin transaction[0m
  [1m[36mUser Create (0.4ms)[0m  [1m[32mINSERT INTO "users" ("first_name", "last_name", "email", "profile", "phone", "password", "created_at", "updated_at") VALUES (?, ?, ?, ?, ?, ?, ?, ?)[0m  [["first_name", "Michal"], ["last_name", "Gorczany"], ["email", "augusta@kling.net"], ["profile", "You can't bypass the capacitor without navigating the back-end HDD firewall!"], ["phone", "5926588172"], ["password", "7709688327"], ["created_at", "2020-02-11 16:32:50.075145"], ["updated_at", "2020-02-11 16:32:50.075145"]]
  [1m[35m (0.9ms)[0m  [1m[36mcommit transaction[0m
  [1m[35m (0.0ms)[0m  [1m[36mbegin transaction[0m
  [1m[36mUser Create (0.3ms)[0m  [1m[32mINSERT INTO "users" ("first_name", "last_name", "email", "profile", "phone", "password", "created_at", "updated_at") VALUES (?, ?, ?, ?, ?, ?, ?, ?)[0m  [["first_name", "Bryce"], ["last_name", "Grimes"], ["email", "kalyn@williamson.co"], ["profile", "Try to reboot the CSS alarm, maybe it will quantify the mobile driver!"], ["phone", "8001794451"], ["password", "2398474113"], ["created_at", "2020-02-11 16:32:50.080815"], ["updated_at", "2020-02-11 16:32:50.080815"]]
  [1m[35m (0.9ms)[0m  [1m[36mcommit transaction[0m
  [1m[35m (0.0ms)[0m  [1m[36mbegin transaction[0m
  [1m[36mUser Create (0.3ms)[0m  [1m[32mINSERT INTO "users" ("first_name", "last_name", "email", "profile", "phone", "password", "created_at", "updated_at") VALUES (?, ?, ?, ?, ?, ?, ?, ?)[0m  [["first_name", "Virgina"], ["last_name", "Runte"], ["email", "deonna@kreiger.com"], ["profile", "Navigating the bandwidth won't do anything, we need to navigate the redundant sms array!"], ["phone", "1788474546"], ["password", "5252953898"], ["created_at", "2020-02-11 16:32:50.086789"], ["updated_at", "2020-02-11 16:32:50.086789"]]
  [1m[35m (0.9ms)[0m  [1m[36mcommit transaction[0m
  [1m[35m (0.0ms)[0m  [1m[36mbegin transaction[0m
  [1m[36mUser Create (0.3ms)[0m  [1m[32mINSERT INTO "users" ("first_name", "last_name", "email", "profile", "phone", "password", "created_at", "updated_at") VALUES (?, ?, ?, ?, ?, ?, ?, ?)[0m  [["first_name", "Sade"], ["last_name", "Cassin"], ["email", "forrest@turcotte.org"], ["profile", "We need to compress the online SAS feed!"], ["phone", "2518173913"], ["password", "7677875735"], ["created_at", "2020-02-11 16:32:50.092401"], ["updated_at", "2020-02-11 16:32:50.092401"]]
  [1m[35m (1.0ms)[0m  [1m[36mcommit transaction[0m
  [1m[35m (0.0ms)[0m  [1m[36mbegin transaction[0m
  [1m[36mUser Create (0.3ms)[0m  [1m[32mINSERT INTO "users" ("first_name", "last_name", "email", "profile", "phone", "password", "created_at", "updated_at") VALUES (?, ?, ?, ?, ?, ?, ?, ?)[0m  [["first_name", "Brigette"], ["last_name", "Rutherford"], ["email", "adam@torphyatt.name"], ["profile", "Backing up the circuit won't do anything, we need to compress the digital smtp bandwidth!"], ["phone", "7801899226"], ["password", "8434577147"], ["created_at", "2020-02-11 16:32:50.098455"], ["updated_at", "2020-02-11 16:32:50.098455"]]
  [1m[35m (0.9ms)[0m  [1m[36mcommit transaction[0m
  [1m[35m (0.0ms)[0m  [1m[36mbegin transaction[0m
  [1m[36mUser Create (0.7ms)[0m  [1m[32mINSERT INTO "users" ("first_name", "last_name", "email", "profile", "phone", "password", "created_at", "updated_at") VALUES (?, ?, ?, ?, ?, ?, ?, ?)[0m  [["first_name", "Kip"], ["last_name", "Smith"], ["email", "jack@hauck.net"], ["profile", "If we quantify the array, we can get to the HTTP card through the cross-platform TCP firewall!"], ["phone", "3499350205"], ["password", "3016978884"], ["created_at", "2020-02-11 16:32:50.104200"], ["updated_at", "2020-02-11 16:32:50.104200"]]
  [1m[35m (0.9ms)[0m  [1m[36mcommit transaction[0m
  [1m[35m (0.0ms)[0m  [1m[36mbegin transaction[0m
  [1m[36mUser Create (0.3ms)[0m  [1m[32mINSERT INTO "users" ("first_name", "last_name", "email", "profile", "phone", "password", "created_at", "updated_at") VALUES (?, ?, ?, ?, ?, ?, ?, ?)[0m  [["first_name", "Rossana"], ["last_name", "Miller"], ["email", "bernard@gerhold.com"], ["profile", "Use the virtual XML system, then you can input the digital system!"], ["phone", "5236195052"], ["password", "4416130026"], ["created_at", "2020-02-11 16:32:50.110723"], ["updated_at", "2020-02-11 16:32:50.110723"]]
  [1m[35m (0.9ms)[0m  [1m[36mcommit transaction[0m
  [1m[35m (0.0ms)[0m  [1m[36mbegin transaction[0m
  [1m[36mUser Create (0.4ms)[0m  [1m[32mINSERT INTO "users" ("first_name", "last_name", "email", "profile", "phone", "password", "created_at", "updated_at") VALUES (?, ?, ?, ?, ?, ?, ?, ?)[0m  [["first_name", "Trenton"], ["last_name", "Barton"], ["email", "lacy_jakubowski@raynor.co"], ["profile", "Use the open-source AGP bus, then you can synthesize the open-source interface!"], ["phone", "2149336913"], ["password", "4878903846"], ["created_at", "2020-02-11 16:32:50.116638"], ["updated_at", "2020-02-11 16:32:50.116638"]]
  [1m[35m (0.9ms)[0m  [1m[36mcommit transaction[0m
  [1m[35m (0.0ms)[0m  [1m[36mbegin transaction[0m
  [1m[36mUser Create (0.3ms)[0m  [1m[32mINSERT INTO "users" ("first_name", "last_name", "email", "profile", "phone", "password", "created_at", "updated_at") VALUES (?, ?, ?, ?, ?, ?, ?, ?)[0m  [["first_name", "Benjamin"], ["last_name", "Hickle"], ["email", "carylon.greenholt@bruen.io"], ["profile", "If we copy the monitor, we can get to the SAS transmitter through the open-source THX panel!"], ["phone", "3582203144"], ["password", "2486758917"], ["created_at", "2020-02-11 16:32:50.122241"], ["updated_at", "2020-02-11 16:32:50.122241"]]
  [1m[35m (0.8ms)[0m  [1m[36mcommit transaction[0m
  [1m[35m (0.0ms)[0m  [1m[36mbegin transaction[0m
  [1m[36mUser Create (0.3ms)[0m  [1m[32mINSERT INTO "users" ("first_name", "last_name", "email", "profile", "phone", "password", "created_at", "updated_at") VALUES (?, ?, ?, ?, ?, ?, ?, ?)[0m  [["first_name", "Nanci"], ["last_name", "Bogan"], ["email", "renata@goldner.io"], ["profile", "Try to hack the AGP program, maybe it will program the optical bus!"], ["phone", "4805796803"], ["password", "4474212593"], ["created_at", "2020-02-11 16:32:50.127373"], ["updated_at", "2020-02-11 16:32:50.127373"]]
  [1m[35m (0.9ms)[0m  [1m[36mcommit transaction[0m
  [1m[35m (0.1ms)[0m  [1m[36mbegin transaction[0m
  [1m[36mUser Create (0.3ms)[0m  [1m[32mINSERT INTO "users" ("first_name", "last_name", "email", "profile", "phone", "password", "created_at", "updated_at") VALUES (?, ?, ?, ?, ?, ?, ?, ?)[0m  [["first_name", "Velvet"], ["last_name", "Schinner"], ["email", "lisette@okeefe.co"], ["profile", "Use the virtual JSON transmitter, then you can compress the redundant sensor!"], ["phone", "9154410437"], ["password", "7512074084"], ["created_at", "2020-02-11 16:32:50.132676"], ["updated_at", "2020-02-11 16:32:50.132676"]]
  [1m[35m (0.9ms)[0m  [1m[36mcommit transaction[0m
  [1m[35m (0.1ms)[0m  [1m[36mbegin transaction[0m
  [1m[36mUser Create (0.3ms)[0m  [1m[32mINSERT INTO "users" ("first_name", "last_name", "email", "profile", "phone", "password", "created_at", "updated_at") VALUES (?, ?, ?, ?, ?, ?, ?, ?)[0m  [["first_name", "Jeanett"], ["last_name", "Shields"], ["email", "burl_schmidt@jaskolski.com"], ["profile", "You can't transmit the interface without indexing the digital SSL feed!"], ["phone", "4723026577"], ["password", "8689643332"], ["created_at", "2020-02-11 16:32:50.137896"], ["updated_at", "2020-02-11 16:32:50.137896"]]
  [1m[35m (0.9ms)[0m  [1m[36mcommit transaction[0m
  [1m[35m (0.1ms)[0m  [1m[36mbegin transaction[0m
  [1m[36mUser Create (0.3ms)[0m  [1m[32mINSERT INTO "users" ("first_name", "last_name", "email", "profile", "phone", "password", "created_at", "updated_at") VALUES (?, ?, ?, ?, ?, ?, ?, ?)[0m  [["first_name", "Chadwick"], ["last_name", "Anderson"], ["email", "ray.osinski@simonis.com"], ["profile", "We need to parse the multi-byte FTP driver!"], ["phone", "5009387796"], ["password", "3005149331"], ["created_at", "2020-02-11 16:32:50.143171"], ["updated_at", "2020-02-11 16:32:50.143171"]]
  [1m[35m (0.9ms)[0m  [1m[36mcommit transaction[0m
  [1m[35m (0.0ms)[0m  [1m[36mbegin transaction[0m
  [1m[36mUser Create (0.3ms)[0m  [1m[32mINSERT INTO "users" ("first_name", "last_name", "email", "profile", "phone", "password", "created_at", "updated_at") VALUES (?, ?, ?, ?, ?, ?, ?, ?)[0m  [["first_name", "Dorian"], ["last_name", "Skiles"], ["email", "dominick@bogisichstracke.biz"], ["profile", "Try to generate the SAS card, maybe it will quantify the mobile bandwidth!"], ["phone", "6129106986"], ["password", "6105892085"], ["created_at", "2020-02-11 16:32:50.148340"], ["updated_at", "2020-02-11 16:32:50.148340"]]
  [1m[35m (1.0ms)[0m  [1m[36mcommit transaction[0m
  [1m[35m (0.1ms)[0m  [1m[36mbegin transaction[0m
  [1m[36mUser Create (0.4ms)[0m  [1m[32mINSERT INTO "users" ("first_name", "last_name", "email", "profile", "phone", "password", "created_at", "updated_at") VALUES (?, ?, ?, ?, ?, ?, ?, ?)[0m  [["first_name", "Claris"], ["last_name", "Rosenbaum"], ["email", "adelia@welchohara.net"], ["profile", "Backing up the bus won't do anything, we need to connect the digital jbod pixel!"], ["phone", "1180360163"], ["password", "8124939149"], ["created_at", "2020-02-11 16:32:50.154888"], ["updated_at", "2020-02-11 16:32:50.154888"]]
  [1m[35m (0.9ms)[0m  [1m[36mcommit transaction[0m
  [1m[35m (0.0ms)[0m  [1m[36mbegin transaction[0m
  [1m[36mUser Create (0.3ms)[0m  [1m[32mINSERT INTO "users" ("first_name", "last_name", "email", "profile", "phone", "password", "created_at", "updated_at") VALUES (?, ?, ?, ?, ?, ?, ?, ?)[0m  [["first_name", "Tammi"], ["last_name", "Krajcik"], ["email", "benny_boyle@sanford.biz"], ["profile", "Indexing the matrix won't do anything, we need to input the virtual xml protocol!"], ["phone", "3503742709"], ["password", "9372047065"], ["created_at", "2020-02-11 16:32:50.160453"], ["updated_at", "2020-02-11 16:32:50.160453"]]
  [1m[35m (1.0ms)[0m  [1m[36mcommit transaction[0m
  [1m[35m (0.1ms)[0m  [1m[36mbegin transaction[0m
  [1m[36mUser Create (0.4ms)[0m  [1m[32mINSERT INTO "users" ("first_name", "last_name", "email", "profile", "phone", "password", "created_at", "updated_at") VALUES (?, ?, ?, ?, ?, ?, ?, ?)[0m  [["first_name", "Jerrell"], ["last_name", "Kerluke"], ["email", "reena@kerluke.io"], ["profile", "Try to parse the CSS matrix, maybe it will bypass the haptic circuit!"], ["phone", "4778976071"], ["password", "5833272339"], ["created_at", "2020-02-11 16:32:50.166893"], ["updated_at", "2020-02-11 16:32:50.166893"]]
  [1m[35m (0.9ms)[0m  [1m[36mcommit transaction[0m
  [1m[35m (0.0ms)[0m  [1m[36mbegin transaction[0m
  [1m[36mUser Create (0.3ms)[0m  [1m[32mINSERT INTO "users" ("first_name", "last_name", "email", "profile", "phone", "password", "created_at", "updated_at") VALUES (?, ?, ?, ?, ?, ?, ?, ?)[0m  [["first_name", "Galen"], ["last_name", "Ortiz"], ["email", "darell_kuphal@spinka.biz"], ["profile", "Try to connect the XML interface, maybe it will index the back-end capacitor!"], ["phone", "2076113860"], ["password", "7945892677"], ["created_at", "2020-02-11 16:32:50.172906"], ["updated_at", "2020-02-11 16:32:50.172906"]]
  [1m[35m (1.1ms)[0m  [1m[36mcommit transaction[0m
  [1m[35m (0.0ms)[0m  [1m[36mbegin transaction[0m
  [1m[36mUser Create (0.4ms)[0m  [1m[32mINSERT INTO "users" ("first_name", "last_name", "email", "profile", "phone", "password", "created_at", "updated_at") VALUES (?, ?, ?, ?, ?, ?, ?, ?)[0m  [["first_name", "Suzie"], ["last_name", "Ankunding"], ["email", "demarcus_williamson@lesch.io"], ["profile", "The XSS sensor is down, quantify the haptic array so we can index the CSS protocol!"], ["phone", "4507046036"], ["password", "7421554461"], ["created_at", "2020-02-11 16:32:50.180871"], ["updated_at", "2020-02-11 16:32:50.180871"]]
  [1m[35m (0.9ms)[0m  [1m[36mcommit transaction[0m
  [1m[35m (0.1ms)[0m  [1m[36mbegin transaction[0m
  [1m[36mUser Create (0.3ms)[0m  [1m[32mINSERT INTO "users" ("first_name", "last_name", "email", "profile", "phone", "password", "created_at", "updated_at") VALUES (?, ?, ?, ?, ?, ?, ?, ?)[0m  [["first_name", "Flo"], ["last_name", "Spinka"], ["email", "anderson@mayer.org"], ["profile", "Use the back-end THX sensor, then you can hack the haptic application!"], ["phone", "3904613734"], ["password", "9243455830"], ["created_at", "2020-02-11 16:32:50.192382"], ["updated_at", "2020-02-11 16:32:50.192382"]]
  [1m[35m (0.9ms)[0m  [1m[36mcommit transaction[0m
  [1m[35m (0.0ms)[0m  [1m[36mbegin transaction[0m
  [1m[36mUser Create (0.3ms)[0m  [1m[32mINSERT INTO "users" ("first_name", "last_name", "email", "profile", "phone", "password", "created_at", "updated_at") VALUES (?, ?, ?, ?, ?, ?, ?, ?)[0m  [["first_name", "Lucien"], ["last_name", "Hand"], ["email", "cyrstal@ziemehuel.info"], ["profile", "You can't program the firewall without parsing the online XML feed!"], ["phone", "2934551328"], ["password", "7703051648"], ["created_at", "2020-02-11 16:32:50.198324"], ["updated_at", "2020-02-11 16:32:50.198324"]]
  [1m[35m (0.9ms)[0m  [1m[36mcommit transaction[0m
  [1m[35m (0.0ms)[0m  [1m[36mbegin transaction[0m
  [1m[36mUser Create (0.5ms)[0m  [1m[32mINSERT INTO "users" ("first_name", "last_name", "email", "profile", "phone", "password", "created_at", "updated_at") VALUES (?, ?, ?, ?, ?, ?, ?, ?)[0m  [["first_name", "Freeman"], ["last_name", "Effertz"], ["email", "javier_yundt@kuhic.info"], ["profile", "The SSL transmitter is down, quantify the online monitor so we can synthesize the RSS bandwidth!"], ["phone", "8106990440"], ["password", "8048159358"], ["created_at", "2020-02-11 16:32:50.203921"], ["updated_at", "2020-02-11 16:32:50.203921"]]
  [1m[35m (0.9ms)[0m  [1m[36mcommit transaction[0m
  [1m[35m (0.0ms)[0m  [1m[36mbegin transaction[0m
  [1m[36mUser Create (0.5ms)[0m  [1m[32mINSERT INTO "users" ("first_name", "last_name", "email", "profile", "phone", "password", "created_at", "updated_at") VALUES (?, ?, ?, ?, ?, ?, ?, ?)[0m  [["first_name", "Callie"], ["last_name", "Skiles"], ["email", "reyes@hermann.name"], ["profile", "Compressing the driver won't do anything, we need to hack the redundant exe firewall!"], ["phone", "9627012068"], ["password", "4824318923"], ["created_at", "2020-02-11 16:32:50.210074"], ["updated_at", "2020-02-11 16:32:50.210074"]]
  [1m[35m (0.9ms)[0m  [1m[36mcommit transaction[0m
  [1m[35m (0.0ms)[0m  [1m[36mbegin transaction[0m
  [1m[36mUser Create (0.4ms)[0m  [1m[32mINSERT INTO "users" ("first_name", "last_name", "email", "profile", "phone", "password", "created_at", "updated_at") VALUES (?, ?, ?, ?, ?, ?, ?, ?)[0m  [["first_name", "Arden"], ["last_name", "Williamson"], ["email", "coral@botsford.info"], ["profile", "We need to synthesize the 1080p AI port!"], ["phone", "9469551820"], ["password", "8757006380"], ["created_at", "2020-02-11 16:32:50.216444"], ["updated_at", "2020-02-11 16:32:50.216444"]]
  [1m[35m (0.8ms)[0m  [1m[36mcommit transaction[0m
  [1m[35m (0.0ms)[0m  [1m[36mbegin transaction[0m
  [1m[36mUser Create (0.3ms)[0m  [1m[32mINSERT INTO "users" ("first_name", "last_name", "email", "profile", "phone", "password", "created_at", "updated_at") VALUES (?, ?, ?, ?, ?, ?, ?, ?)[0m  [["first_name", "Bradly"], ["last_name", "Moen"], ["email", "shirlene@wunsch.biz"], ["profile", "I'll calculate the optical FTP hard drive, that should capacitor the SSL firewall!"], ["phone", "5538886368"], ["password", "3006674551"], ["created_at", "2020-02-11 16:32:50.221732"], ["updated_at", "2020-02-11 16:32:50.221732"]]
  [1m[35m (0.9ms)[0m  [1m[36mcommit transaction[0m
  [1m[35m (0.0ms)[0m  [1m[36mbegin transaction[0m
  [1m[36mUser Create (0.3ms)[0m  [1m[32mINSERT INTO "users" ("first_name", "last_name", "email", "profile", "phone", "password", "created_at", "updated_at") VALUES (?, ?, ?, ?, ?, ?, ?, ?)[0m  [["first_name", "Leana"], ["last_name", "Zemlak"], ["email", "michaela.anderson@hansen.name"], ["profile", "If we bypass the array, we can get to the HTTP circuit through the 1080p JSON circuit!"], ["phone", "5888548814"], ["password", "7171474092"], ["created_at", "2020-02-11 16:32:50.226821"], ["updated_at", "2020-02-11 16:32:50.226821"]]
  [1m[35m (0.9ms)[0m  [1m[36mcommit transaction[0m
  [1m[35m (0.0ms)[0m  [1m[36mbegin transaction[0m
  [1m[36mUser Create (0.3ms)[0m  [1m[32mINSERT INTO "users" ("first_name", "last_name", "email", "profile", "phone", "password", "created_at", "updated_at") VALUES (?, ?, ?, ?, ?, ?, ?, ?)[0m  [["first_name", "Isidra"], ["last_name", "Skiles"], ["email", "clelia.bartell@conn.org"], ["profile", "If we program the array, we can get to the CSS matrix through the digital SDD capacitor!"], ["phone", "1231137307"], ["password", "2483788061"], ["created_at", "2020-02-11 16:32:50.232892"], ["updated_at", "2020-02-11 16:32:50.232892"]]
  [1m[35m (0.9ms)[0m  [1m[36mcommit transaction[0m
  [1m[35m (0.0ms)[0m  [1m[36mbegin transaction[0m
  [1m[36mUser Create (0.3ms)[0m  [1m[32mINSERT INTO "users" ("first_name", "last_name", "email", "profile", "phone", "password", "created_at", "updated_at") VALUES (?, ?, ?, ?, ?, ?, ?, ?)[0m  [["first_name", "Luvenia"], ["last_name", "Schiller"], ["email", "dewayne_schroeder@murray.org"], ["profile", "Try to transmit the RAM application, maybe it will navigate the auxiliary capacitor!"], ["phone", "9350387756"], ["password", "2107049063"], ["created_at", "2020-02-11 16:32:50.238592"], ["updated_at", "2020-02-11 16:32:50.238592"]]
  [1m[35m (0.9ms)[0m  [1m[36mcommit transaction[0m
  [1m[35m (0.0ms)[0m  [1m[36mbegin transaction[0m
  [1m[36mUser Create (0.3ms)[0m  [1m[32mINSERT INTO "users" ("first_name", "last_name", "email", "profile", "phone", "password", "created_at", "updated_at") VALUES (?, ?, ?, ?, ?, ?, ?, ?)[0m  [["first_name", "Marquerite"], ["last_name", "Medhurst"], ["email", "ismael@reinger.com"], ["profile", "Try to synthesize the USB driver, maybe it will input the auxiliary feed!"], ["phone", "9323654385"], ["password", "2118014595"], ["created_at", "2020-02-11 16:32:50.244258"], ["updated_at", "2020-02-11 16:32:50.244258"]]
  [1m[35m (0.9ms)[0m  [1m[36mcommit transaction[0m
  [1m[35m (0.0ms)[0m  [1m[36mbegin transaction[0m
  [1m[36mUser Create (0.3ms)[0m  [1m[32mINSERT INTO "users" ("first_name", "last_name", "email", "profile", "phone", "password", "created_at", "updated_at") VALUES (?, ?, ?, ?, ?, ?, ?, ?)[0m  [["first_name", "Rosalinda"], ["last_name", "Schumm"], ["email", "terence@cruickshank.info"], ["profile", "Try to parse the SSL hard drive, maybe it will generate the online microchip!"], ["phone", "6249162536"], ["password", "2241700537"], ["created_at", "2020-02-11 16:32:50.249800"], ["updated_at", "2020-02-11 16:32:50.249800"]]
  [1m[35m (1.0ms)[0m  [1m[36mcommit transaction[0m
  [1m[35m (0.0ms)[0m  [1m[36mbegin transaction[0m
  [1m[36mUser Create (0.3ms)[0m  [1m[32mINSERT INTO "users" ("first_name", "last_name", "email", "profile", "phone", "password", "created_at", "updated_at") VALUES (?, ?, ?, ?, ?, ?, ?, ?)[0m  [["first_name", "Angella"], ["last_name", "Johnson"], ["email", "lorette@willms.biz"], ["profile", "We need to reboot the primary PNG card!"], ["phone", "8083127269"], ["password", "2710356466"], ["created_at", "2020-02-11 16:32:50.255955"], ["updated_at", "2020-02-11 16:32:50.255955"]]
  [1m[35m (0.9ms)[0m  [1m[36mcommit transaction[0m
  [1m[35m (0.0ms)[0m  [1m[36mbegin transaction[0m
  [1m[36mUser Create (0.3ms)[0m  [1m[32mINSERT INTO "users" ("first_name", "last_name", "email", "profile", "phone", "password", "created_at", "updated_at") VALUES (?, ?, ?, ?, ?, ?, ?, ?)[0m  [["first_name", "Tyree"], ["last_name", "Hettinger"], ["email", "joan.murazik@weber.info"], ["profile", "Try to compress the SCSI array, maybe it will synthesize the solid state sensor!"], ["phone", "3456093153"], ["password", "4574732029"], ["created_at", "2020-02-11 16:32:50.261580"], ["updated_at", "2020-02-11 16:32:50.261580"]]
  [1m[35m (0.9ms)[0m  [1m[36mcommit transaction[0m
  [1m[35m (0.0ms)[0m  [1m[36mbegin transaction[0m
  [1m[36mUser Create (0.4ms)[0m  [1m[32mINSERT INTO "users" ("first_name", "last_name", "email", "profile", "phone", "password", "created_at", "updated_at") VALUES (?, ?, ?, ?, ?, ?, ?, ?)[0m  [["first_name", "Jim"], ["last_name", "Weber"], ["email", "diane@erdman.net"], ["profile", "We need to parse the wireless GB interface!"], ["phone", "9360971197"], ["password", "9658024997"], ["created_at", "2020-02-11 16:32:50.267588"], ["updated_at", "2020-02-11 16:32:50.267588"]]
  [1m[35m (0.9ms)[0m  [1m[36mcommit transaction[0m
  [1m[35m (0.0ms)[0m  [1m[36mbegin transaction[0m
  [1m[36mUser Create (0.3ms)[0m  [1m[32mINSERT INTO "users" ("first_name", "last_name", "email", "profile", "phone", "password", "created_at", "updated_at") VALUES (?, ?, ?, ?, ?, ?, ?, ?)[0m  [["first_name", "Merle"], ["last_name", "Simonis"], ["email", "linda.hammes@dickinsoncremin.org"], ["profile", "If we compress the hard drive, we can get to the CSS protocol through the digital HTTP alarm!"], ["phone", "3620712533"], ["password", "1991488517"], ["created_at", "2020-02-11 16:32:50.273405"], ["updated_at", "2020-02-11 16:32:50.273405"]]
  [1m[35m (0.9ms)[0m  [1m[36mcommit transaction[0m
  [1m[35m (0.0ms)[0m  [1m[36mbegin transaction[0m
  [1m[36mUser Create (0.4ms)[0m  [1m[32mINSERT INTO "users" ("first_name", "last_name", "email", "profile", "phone", "password", "created_at", "updated_at") VALUES (?, ?, ?, ?, ?, ?, ?, ?)[0m  [["first_name", "Matha"], ["last_name", "MacGyver"], ["email", "benedict.macejkovic@williamson.co"], ["profile", "If we quantify the firewall, we can get to the AGP feed through the virtual SCSI transmitter!"], ["phone", "4089649623"], ["password", "7742042072"], ["created_at", "2020-02-11 16:32:50.279211"], ["updated_at", "2020-02-11 16:32:50.279211"]]
  [1m[35m (0.9ms)[0m  [1m[36mcommit transaction[0m
  [1m[35m (0.0ms)[0m  [1m[36mbegin transaction[0m
  [1m[36mUser Create (0.3ms)[0m  [1m[32mINSERT INTO "users" ("first_name", "last_name", "email", "profile", "phone", "password", "created_at", "updated_at") VALUES (?, ?, ?, ?, ?, ?, ?, ?)[0m  [["first_name", "Brittany"], ["last_name", "Cronin"], ["email", "santiago@beerswaniawski.com"], ["profile", "You can't navigate the transmitter without overriding the haptic SQL firewall!"], ["phone", "2988712705"], ["password", "9226855134"], ["created_at", "2020-02-11 16:32:50.284908"], ["updated_at", "2020-02-11 16:32:50.284908"]]
  [1m[35m (0.8ms)[0m  [1m[36mcommit transaction[0m
  [1m[35m (0.0ms)[0m  [1m[36mbegin transaction[0m
  [1m[36mUser Create (0.3ms)[0m  [1m[32mINSERT INTO "users" ("first_name", "last_name", "email", "profile", "phone", "password", "created_at", "updated_at") VALUES (?, ?, ?, ?, ?, ?, ?, ?)[0m  [["first_name", "Ronny"], ["last_name", "Klocko"], ["email", "adam@nicolasquitzon.info"], ["profile", "The SAS system is down, compress the back-end bus so we can generate the USB bandwidth!"], ["phone", "2530372806"], ["password", "3626013645"], ["created_at", "2020-02-11 16:32:50.290389"], ["updated_at", "2020-02-11 16:32:50.290389"]]
  [1m[35m (0.9ms)[0m  [1m[36mcommit transaction[0m
  [1m[35m (0.0ms)[0m  [1m[36mbegin transaction[0m
  [1m[36mUser Create (0.3ms)[0m  [1m[32mINSERT INTO "users" ("first_name", "last_name", "email", "profile", "phone", "password", "created_at", "updated_at") VALUES (?, ?, ?, ?, ?, ?, ?, ?)[0m  [["first_name", "Sammy"], ["last_name", "Franecki"], ["email", "cordia@jacobidenesik.com"], ["profile", "The GB bandwidth is down, connect the virtual bandwidth so we can parse the RSS bus!"], ["phone", "9010556872"], ["password", "8015557481"], ["created_at", "2020-02-11 16:32:50.295997"], ["updated_at", "2020-02-11 16:32:50.295997"]]
  [1m[35m (0.8ms)[0m  [1m[36mcommit transaction[0m
  [1m[35m (0.0ms)[0m  [1m[36mbegin transaction[0m
  [1m[36mUser Create (0.3ms)[0m  [1m[32mINSERT INTO "users" ("first_name", "last_name", "email", "profile", "phone", "password", "created_at", "updated_at") VALUES (?, ?, ?, ?, ?, ?, ?, ?)[0m  [["first_name", "Terri"], ["last_name", "Rosenbaum"], ["email", "regan.dibbert@ziemannchamplin.co"], ["profile", "The SMTP alarm is down, program the neural driver so we can bypass the SSL circuit!"], ["phone", "4566008006"], ["password", "8085167313"], ["created_at", "2020-02-11 16:32:50.301509"], ["updated_at", "2020-02-11 16:32:50.301509"]]
  [1m[35m (0.9ms)[0m  [1m[36mcommit transaction[0m
  [1m[35m (0.0ms)[0m  [1m[36mbegin transaction[0m
  [1m[36mUser Create (0.3ms)[0m  [1m[32mINSERT INTO "users" ("first_name", "last_name", "email", "profile", "phone", "password", "created_at", "updated_at") VALUES (?, ?, ?, ?, ?, ?, ?, ?)[0m  [["first_name", "Homer"], ["last_name", "Ritchie"], ["email", "naoma_parisian@abbottbogan.info"], ["profile", "Indexing the bandwidth won't do anything, we need to quantify the open-source http bus!"], ["phone", "8850090709"], ["password", "7054560493"], ["created_at", "2020-02-11 16:32:50.307252"], ["updated_at", "2020-02-11 16:32:50.307252"]]
  [1m[35m (0.9ms)[0m  [1m[36mcommit transaction[0m
  [1m[35m (0.0ms)[0m  [1m[36mbegin transaction[0m
  [1m[36mUser Create (0.3ms)[0m  [1m[32mINSERT INTO "users" ("first_name", "last_name", "email", "profile", "phone", "password", "created_at", "updated_at") VALUES (?, ?, ?, ?, ?, ?, ?, ?)[0m  [["first_name", "Lionel"], ["last_name", "Sporer"], ["email", "gail@herzog.net"], ["profile", "We need to override the virtual JBOD application!"], ["phone", "6498160061"], ["password", "9058914269"], ["created_at", "2020-02-11 16:32:50.313024"], ["updated_at", "2020-02-11 16:32:50.313024"]]
  [1m[35m (0.9ms)[0m  [1m[36mcommit transaction[0m
  [1m[35m (0.0ms)[0m  [1m[36mbegin transaction[0m
  [1m[36mUser Create (0.3ms)[0m  [1m[32mINSERT INTO "users" ("first_name", "last_name", "email", "profile", "phone", "password", "created_at", "updated_at") VALUES (?, ?, ?, ?, ?, ?, ?, ?)[0m  [["first_name", "Mohammed"], ["last_name", "Runolfsson"], ["email", "arvilla_kutch@vonrueden.co"], ["profile", "We need to quantify the cross-platform FTP card!"], ["phone", "8050887918"], ["password", "7874641881"], ["created_at", "2020-02-11 16:32:50.318610"], ["updated_at", "2020-02-11 16:32:50.318610"]]
  [1m[35m (0.9ms)[0m  [1m[36mcommit transaction[0m
  [1m[35m (0.0ms)[0m  [1m[36mbegin transaction[0m
  [1m[36mUser Create (0.3ms)[0m  [1m[32mINSERT INTO "users" ("first_name", "last_name", "email", "profile", "phone", "password", "created_at", "updated_at") VALUES (?, ?, ?, ?, ?, ?, ?, ?)[0m  [["first_name", "Marilou"], ["last_name", "Greenholt"], ["email", "takako.lynch@hand.com"], ["profile", "The XML application is down, quantify the back-end hard drive so we can reboot the ADP capacitor!"], ["phone", "4374312229"], ["password", "2093061405"], ["created_at", "2020-02-11 16:32:50.324416"], ["updated_at", "2020-02-11 16:32:50.324416"]]
  [1m[35m (0.9ms)[0m  [1m[36mcommit transaction[0m
  [1m[35m (0.0ms)[0m  [1m[36mbegin transaction[0m
  [1m[36mUser Create (0.3ms)[0m  [1m[32mINSERT INTO "users" ("first_name", "last_name", "email", "profile", "phone", "password", "created_at", "updated_at") VALUES (?, ?, ?, ?, ?, ?, ?, ?)[0m  [["first_name", "Nancy"], ["last_name", "Hand"], ["email", "joesph@von.biz"], ["profile", "We need to navigate the auxiliary HTTP circuit!"], ["phone", "2311850694"], ["password", "6039659866"], ["created_at", "2020-02-11 16:32:50.330031"], ["updated_at", "2020-02-11 16:32:50.330031"]]
  [1m[35m (0.8ms)[0m  [1m[36mcommit transaction[0m
  [1m[35m (0.0ms)[0m  [1m[36mbegin transaction[0m
  [1m[36mUser Create (0.3ms)[0m  [1m[32mINSERT INTO "users" ("first_name", "last_name", "email", "profile", "phone", "password", "created_at", "updated_at") VALUES (?, ?, ?, ?, ?, ?, ?, ?)[0m  [["first_name", "Loyd"], ["last_name", "Bergstrom"], ["email", "sol.lynch@vonrueden.info"], ["profile", "You can't parse the bus without copying the digital PCI protocol!"], ["phone", "3942518892"], ["password", "2418952610"], ["created_at", "2020-02-11 16:32:50.335579"], ["updated_at", "2020-02-11 16:32:50.335579"]]
  [1m[35m (0.9ms)[0m  [1m[36mcommit transaction[0m
  [1m[35m (0.0ms)[0m  [1m[36mbegin transaction[0m
  [1m[36mUser Create (0.3ms)[0m  [1m[32mINSERT INTO "users" ("first_name", "last_name", "email", "profile", "phone", "password", "created_at", "updated_at") VALUES (?, ?, ?, ?, ?, ?, ?, ?)[0m  [["first_name", "Valda"], ["last_name", "Leffler"], ["email", "edie.schmitt@stanton.com"], ["profile", "Try to synthesize the ADP firewall, maybe it will compress the online bandwidth!"], ["phone", "7523471679"], ["password", "1920712244"], ["created_at", "2020-02-11 16:32:50.341278"], ["updated_at", "2020-02-11 16:32:50.341278"]]
  [1m[35m (0.9ms)[0m  [1m[36mcommit transaction[0m
  [1m[35m (0.0ms)[0m  [1m[36mbegin transaction[0m
  [1m[36mUser Create (0.3ms)[0m  [1m[32mINSERT INTO "users" ("first_name", "last_name", "email", "profile", "phone", "password", "created_at", "updated_at") VALUES (?, ?, ?, ?, ?, ?, ?, ?)[0m  [["first_name", "Alonzo"], ["last_name", "Schmidt"], ["email", "palmira_pagac@bins.biz"], ["profile", "Try to calculate the COM card, maybe it will copy the solid state protocol!"], ["phone", "4660983909"], ["password", "1671837689"], ["created_at", "2020-02-11 16:32:50.346926"], ["updated_at", "2020-02-11 16:32:50.346926"]]
  [1m[35m (0.9ms)[0m  [1m[36mcommit transaction[0m
  [1m[35m (0.0ms)[0m  [1m[36mbegin transaction[0m
  [1m[36mUser Create (0.8ms)[0m  [1m[32mINSERT INTO "users" ("first_name", "last_name", "email", "profile", "phone", "password", "created_at", "updated_at") VALUES (?, ?, ?, ?, ?, ?, ?, ?)[0m  [["first_name", "Mallie"], ["last_name", "Conn"], ["email", "bernard.luettgen@kiehn.biz"], ["profile", "The ADP system is down, override the multi-byte feed so we can compress the PNG feed!"], ["phone", "1502803560"], ["password", "3858391196"], ["created_at", "2020-02-11 16:32:50.352642"], ["updated_at", "2020-02-11 16:32:50.352642"]]
  [1m[35m (0.9ms)[0m  [1m[36mcommit transaction[0m
  [1m[35m (0.0ms)[0m  [1m[36mbegin transaction[0m
  [1m[36mUser Create (0.3ms)[0m  [1m[32mINSERT INTO "users" ("first_name", "last_name", "email", "profile", "phone", "password", "created_at", "updated_at") VALUES (?, ?, ?, ?, ?, ?, ?, ?)[0m  [["first_name", "Lyle"], ["last_name", "Denesik"], ["email", "fausto.gulgowski@hermistonhirthe.com"], ["profile", "Try to synthesize the SSL circuit, maybe it will navigate the digital transmitter!"], ["phone", "1332696751"], ["password", "6444482094"], ["created_at", "2020-02-11 16:32:50.358774"], ["updated_at", "2020-02-11 16:32:50.358774"]]
  [1m[35m (0.8ms)[0m  [1m[36mcommit transaction[0m
  [1m[35m (0.0ms)[0m  [1m[36mbegin transaction[0m
  [1m[36mUser Create (0.3ms)[0m  [1m[32mINSERT INTO "users" ("first_name", "last_name", "email", "profile", "phone", "password", "created_at", "updated_at") VALUES (?, ?, ?, ?, ?, ?, ?, ?)[0m  [["first_name", "Lacy"], ["last_name", "Stanton"], ["email", "wes.conroy@bogisichrempel.org"], ["profile", "The SQL port is down, synthesize the open-source circuit so we can navigate the JSON hard drive!"], ["phone", "3651487290"], ["password", "7648594360"], ["created_at", "2020-02-11 16:32:50.363812"], ["updated_at", "2020-02-11 16:32:50.363812"]]
  [1m[35m (1.0ms)[0m  [1m[36mcommit transaction[0m
  [1m[35m (0.0ms)[0m  [1m[36mbegin transaction[0m
  [1m[36mUser Create (0.3ms)[0m  [1m[32mINSERT INTO "users" ("first_name", "last_name", "email", "profile", "phone", "password", "created_at", "updated_at") VALUES (?, ?, ?, ?, ?, ?, ?, ?)[0m  [["first_name", "Timothy"], ["last_name", "Konopelski"], ["email", "edwin_spencer@hansen.biz"], ["profile", "I'll connect the digital XSS microchip, that should driver the SDD interface!"], ["phone", "1956872281"], ["password", "5698747561"], ["created_at", "2020-02-11 16:32:50.369100"], ["updated_at", "2020-02-11 16:32:50.369100"]]
  [1m[35m (0.9ms)[0m  [1m[36mcommit transaction[0m
  [1m[35m (0.0ms)[0m  [1m[36mbegin transaction[0m
  [1m[36mUser Create (0.3ms)[0m  [1m[32mINSERT INTO "users" ("first_name", "last_name", "email", "profile", "phone", "password", "created_at", "updated_at") VALUES (?, ?, ?, ?, ?, ?, ?, ?)[0m  [["first_name", "Francisco"], ["last_name", "Jacobson"], ["email", "clair@bodehodkiewicz.io"], ["profile", "I'll input the auxiliary JBOD driver, that should application the AGP microchip!"], ["phone", "2717528762"], ["password", "5824494923"], ["created_at", "2020-02-11 16:32:50.374424"], ["updated_at", "2020-02-11 16:32:50.374424"]]
  [1m[35m (0.9ms)[0m  [1m[36mcommit transaction[0m
  [1m[35m (0.0ms)[0m  [1m[36mbegin transaction[0m
  [1m[36mUser Create (0.4ms)[0m  [1m[32mINSERT INTO "users" ("first_name", "last_name", "email", "profile", "phone", "password", "created_at", "updated_at") VALUES (?, ?, ?, ?, ?, ?, ?, ?)[0m  [["first_name", "Gertie"], ["last_name", "Buckridge"], ["email", "connie@botsfordaltenwerth.co"], ["profile", "The ADP microchip is down, index the optical array so we can connect the THX system!"], ["phone", "6334738353"], ["password", "7805530201"], ["created_at", "2020-02-11 16:32:50.380173"], ["updated_at", "2020-02-11 16:32:50.380173"]]
  [1m[35m (0.9ms)[0m  [1m[36mcommit transaction[0m
  [1m[35m (0.1ms)[0m  [1m[36mbegin transaction[0m
  [1m[36mUser Create (0.4ms)[0m  [1m[32mINSERT INTO "users" ("first_name", "last_name", "email", "profile", "phone", "password", "created_at", "updated_at") VALUES (?, ?, ?, ?, ?, ?, ?, ?)[0m  [["first_name", "Gayle"], ["last_name", "Gaylord"], ["email", "geraldo@weimann.info"], ["profile", "I'll index the cross-platform THX application, that should pixel the SMTP monitor!"], ["phone", "5334964533"], ["password", "6872107159"], ["created_at", "2020-02-11 16:32:50.385971"], ["updated_at", "2020-02-11 16:32:50.385971"]]
  [1m[35m (0.9ms)[0m  [1m[36mcommit transaction[0m
  [1m[35m (0.0ms)[0m  [1m[36mbegin transaction[0m
  [1m[36mUser Create (0.4ms)[0m  [1m[32mINSERT INTO "users" ("first_name", "last_name", "email", "profile", "phone", "password", "created_at", "updated_at") VALUES (?, ?, ?, ?, ?, ?, ?, ?)[0m  [["first_name", "Jerome"], ["last_name", "Schultz"], ["email", "georgette@schimmel.net"], ["profile", "Try to index the HDD microchip, maybe it will hack the digital port!"], ["phone", "9357334543"], ["password", "3193435326"], ["created_at", "2020-02-11 16:32:50.391837"], ["updated_at", "2020-02-11 16:32:50.391837"]]
  [1m[35m (1.0ms)[0m  [1m[36mcommit transaction[0m
  [1m[35m (0.0ms)[0m  [1m[36mbegin transaction[0m
  [1m[36mUser Create (0.3ms)[0m  [1m[32mINSERT INTO "users" ("first_name", "last_name", "email", "profile", "phone", "password", "created_at", "updated_at") VALUES (?, ?, ?, ?, ?, ?, ?, ?)[0m  [["first_name", "Timmy"], ["last_name", "Towne"], ["email", "earnest.larson@rempel.net"], ["profile", "You can't index the driver without indexing the mobile JSON bandwidth!"], ["phone", "3715759389"], ["password", "6231101634"], ["created_at", "2020-02-11 16:32:50.397585"], ["updated_at", "2020-02-11 16:32:50.397585"]]
  [1m[35m (0.9ms)[0m  [1m[36mcommit transaction[0m
  [1m[35m (0.0ms)[0m  [1m[36mbegin transaction[0m
  [1m[36mUser Create (0.4ms)[0m  [1m[32mINSERT INTO "users" ("first_name", "last_name", "email", "profile", "phone", "password", "created_at", "updated_at") VALUES (?, ?, ?, ?, ?, ?, ?, ?)[0m  [["first_name", "Matthew"], ["last_name", "Shields"], ["email", "danny.lehner@heller.com"], ["profile", "We need to quantify the wireless SDD feed!"], ["phone", "8686237946"], ["password", "6548670338"], ["created_at", "2020-02-11 16:32:50.403520"], ["updated_at", "2020-02-11 16:32:50.403520"]]
  [1m[35m (0.9ms)[0m  [1m[36mcommit transaction[0m
  [1m[35m (0.0ms)[0m  [1m[36mbegin transaction[0m
  [1m[36mUser Create (0.3ms)[0m  [1m[32mINSERT INTO "users" ("first_name", "last_name", "email", "profile", "phone", "password", "created_at", "updated_at") VALUES (?, ?, ?, ?, ?, ?, ?, ?)[0m  [["first_name", "Eldridge"], ["last_name", "McLaughlin"], ["email", "marty@dibbert.info"], ["profile", "If we reboot the matrix, we can get to the SQL feed through the online SQL matrix!"], ["phone", "9520632623"], ["password", "9914053046"], ["created_at", "2020-02-11 16:32:50.409645"], ["updated_at", "2020-02-11 16:32:50.409645"]]
  [1m[35m (0.9ms)[0m  [1m[36mcommit transaction[0m
  [1m[35m (0.1ms)[0m  [1m[36mbegin transaction[0m
  [1m[36mUser Create (0.3ms)[0m  [1m[32mINSERT INTO "users" ("first_name", "last_name", "email", "profile", "phone", "password", "created_at", "updated_at") VALUES (?, ?, ?, ?, ?, ?, ?, ?)[0m  [["first_name", "Renato"], ["last_name", "Schamberger"], ["email", "christin_bosco@frami.name"], ["profile", "The SSL array is down, calculate the solid state sensor so we can input the ADP microchip!"], ["phone", "5023277638"], ["password", "7530894018"], ["created_at", "2020-02-11 16:32:50.415984"], ["updated_at", "2020-02-11 16:32:50.415984"]]
  [1m[35m (0.9ms)[0m  [1m[36mcommit transaction[0m
  [1m[35m (0.0ms)[0m  [1m[36mbegin transaction[0m
  [1m[36mUser Create (0.3ms)[0m  [1m[32mINSERT INTO "users" ("first_name", "last_name", "email", "profile", "phone", "password", "created_at", "updated_at") VALUES (?, ?, ?, ?, ?, ?, ?, ?)[0m  [["first_name", "Sammie"], ["last_name", "Schneider"], ["email", "toshia@smithamreynolds.net"], ["profile", "Use the mobile USB port, then you can calculate the cross-platform alarm!"], ["phone", "1126022173"], ["password", "9455445119"], ["created_at", "2020-02-11 16:32:50.422073"], ["updated_at", "2020-02-11 16:32:50.422073"]]
  [1m[35m (0.9ms)[0m  [1m[36mcommit transaction[0m
  [1m[35m (0.0ms)[0m  [1m[36mbegin transaction[0m
  [1m[36mUser Create (0.4ms)[0m  [1m[32mINSERT INTO "users" ("first_name", "last_name", "email", "profile", "phone", "password", "created_at", "updated_at") VALUES (?, ?, ?, ?, ?, ?, ?, ?)[0m  [["first_name", "Junita"], ["last_name", "Boehm"], ["email", "dave.powlowski@reinger.net"], ["profile", "I'll generate the haptic AI sensor, that should panel the PCI firewall!"], ["phone", "4664415806"], ["password", "7151702498"], ["created_at", "2020-02-11 16:32:50.427899"], ["updated_at", "2020-02-11 16:32:50.427899"]]
  [1m[35m (0.9ms)[0m  [1m[36mcommit transaction[0m
  [1m[35m (0.0ms)[0m  [1m[36mbegin transaction[0m
  [1m[36mUser Create (0.3ms)[0m  [1m[32mINSERT INTO "users" ("first_name", "last_name", "email", "profile", "phone", "password", "created_at", "updated_at") VALUES (?, ?, ?, ?, ?, ?, ?, ?)[0m  [["first_name", "Fanny"], ["last_name", "Heaney"], ["email", "emilee@romaguera.biz"], ["profile", "Navigating the card won't do anything, we need to index the virtual gb bus!"], ["phone", "8143691634"], ["password", "7048657347"], ["created_at", "2020-02-11 16:32:50.434055"], ["updated_at", "2020-02-11 16:32:50.434055"]]
  [1m[35m (0.9ms)[0m  [1m[36mcommit transaction[0m
  [1m[35m (0.0ms)[0m  [1m[36mbegin transaction[0m
  [1m[36mUser Create (0.4ms)[0m  [1m[32mINSERT INTO "users" ("first_name", "last_name", "email", "profile", "phone", "password", "created_at", "updated_at") VALUES (?, ?, ?, ?, ?, ?, ?, ?)[0m  [["first_name", "Ona"], ["last_name", "Metz"], ["email", "sid_lebsack@larson.info"], ["profile", "I'll program the primary SQL alarm, that should circuit the USB bus!"], ["phone", "2223265262"], ["password", "2039438829"], ["created_at", "2020-02-11 16:32:50.440842"], ["updated_at", "2020-02-11 16:32:50.440842"]]
  [1m[35m (0.9ms)[0m  [1m[36mcommit transaction[0m
  [1m[35m (0.0ms)[0m  [1m[36mbegin transaction[0m
  [1m[36mUser Create (0.3ms)[0m  [1m[32mINSERT INTO "users" ("first_name", "last_name", "email", "profile", "phone", "password", "created_at", "updated_at") VALUES (?, ?, ?, ?, ?, ?, ?, ?)[0m  [["first_name", "Chi"], ["last_name", "Bode"], ["email", "donna@homenick.info"], ["profile", "Use the bluetooth HDD sensor, then you can override the digital system!"], ["phone", "8737996873"], ["password", "3689749446"], ["created_at", "2020-02-11 16:32:50.446687"], ["updated_at", "2020-02-11 16:32:50.446687"]]
  [1m[35m (0.9ms)[0m  [1m[36mcommit transaction[0m
  [1m[35m (0.0ms)[0m  [1m[36mbegin transaction[0m
  [1m[36mUser Create (0.3ms)[0m  [1m[32mINSERT INTO "users" ("first_name", "last_name", "email", "profile", "phone", "password", "created_at", "updated_at") VALUES (?, ?, ?, ?, ?, ?, ?, ?)[0m  [["first_name", "Marni"], ["last_name", "Powlowski"], ["email", "jacinto@bartondouglas.io"], ["profile", "If we calculate the panel, we can get to the SCSI matrix through the multi-byte XSS alarm!"], ["phone", "7818791634"], ["password", "8995007067"], ["created_at", "2020-02-11 16:32:50.452620"], ["updated_at", "2020-02-11 16:32:50.452620"]]
  [1m[35m (0.9ms)[0m  [1m[36mcommit transaction[0m
  [1m[35m (0.0ms)[0m  [1m[36mbegin transaction[0m
  [1m[36mUser Create (0.3ms)[0m  [1m[32mINSERT INTO "users" ("first_name", "last_name", "email", "profile", "phone", "password", "created_at", "updated_at") VALUES (?, ?, ?, ?, ?, ?, ?, ?)[0m  [["first_name", "Laverne"], ["last_name", "Franecki"], ["email", "cornelius@greenmiller.io"], ["profile", "Try to bypass the XSS card, maybe it will connect the bluetooth pixel!"], ["phone", "7115843261"], ["password", "7990191222"], ["created_at", "2020-02-11 16:32:50.458983"], ["updated_at", "2020-02-11 16:32:50.458983"]]
  [1m[35m (0.9ms)[0m  [1m[36mcommit transaction[0m
  [1m[35m (0.0ms)[0m  [1m[36mbegin transaction[0m
  [1m[36mUser Create (0.3ms)[0m  [1m[32mINSERT INTO "users" ("first_name", "last_name", "email", "profile", "phone", "password", "created_at", "updated_at") VALUES (?, ?, ?, ?, ?, ?, ?, ?)[0m  [["first_name", "Davis"], ["last_name", "Gulgowski"], ["email", "carlton_kerluke@keeling.info"], ["profile", "The RAM bandwidth is down, reboot the neural monitor so we can calculate the JBOD transmitter!"], ["phone", "1149611281"], ["password", "8148362563"], ["created_at", "2020-02-11 16:32:50.465402"], ["updated_at", "2020-02-11 16:32:50.465402"]]
  [1m[35m (0.8ms)[0m  [1m[36mcommit transaction[0m
  [1m[35m (0.0ms)[0m  [1m[36mbegin transaction[0m
  [1m[36mUser Create (0.3ms)[0m  [1m[32mINSERT INTO "users" ("first_name", "last_name", "email", "profile", "phone", "password", "created_at", "updated_at") VALUES (?, ?, ?, ?, ?, ?, ?, ?)[0m  [["first_name", "Jeff"], ["last_name", "Altenwerth"], ["email", "reid@price.org"], ["profile", "Use the cross-platform EXE monitor, then you can navigate the digital transmitter!"], ["phone", "2383558720"], ["password", "1997096843"], ["created_at", "2020-02-11 16:32:50.471364"], ["updated_at", "2020-02-11 16:32:50.471364"]]
  [1m[35m (0.9ms)[0m  [1m[36mcommit transaction[0m
  [1m[35m (0.0ms)[0m  [1m[36mbegin transaction[0m
  [1m[36mUser Create (0.3ms)[0m  [1m[32mINSERT INTO "users" ("first_name", "last_name", "email", "profile", "phone", "password", "created_at", "updated_at") VALUES (?, ?, ?, ?, ?, ?, ?, ?)[0m  [["first_name", "Lizabeth"], ["last_name", "Pollich"], ["email", "harley@sipes.info"], ["profile", "Try to reboot the SMS transmitter, maybe it will back up the optical hard drive!"], ["phone", "5190161565"], ["password", "1467695070"], ["created_at", "2020-02-11 16:32:50.477288"], ["updated_at", "2020-02-11 16:32:50.477288"]]
  [1m[35m (0.8ms)[0m  [1m[36mcommit transaction[0m
  [1m[35m (0.0ms)[0m  [1m[36mbegin transaction[0m
  [1m[36mUser Create (0.3ms)[0m  [1m[32mINSERT INTO "users" ("first_name", "last_name", "email", "profile", "phone", "password", "created_at", "updated_at") VALUES (?, ?, ?, ?, ?, ?, ?, ?)[0m  [["first_name", "Aletha"], ["last_name", "Berge"], ["email", "bulah.emmerich@leffler.biz"], ["profile", "You can't override the firewall without programming the optical JBOD interface!"], ["phone", "3089927872"], ["password", "3971857700"], ["created_at", "2020-02-11 16:32:50.483391"], ["updated_at", "2020-02-11 16:32:50.483391"]]
  [1m[35m (0.9ms)[0m  [1m[36mcommit transaction[0m
  [1m[35m (0.0ms)[0m  [1m[36mbegin transaction[0m
  [1m[36mUser Create (0.3ms)[0m  [1m[32mINSERT INTO "users" ("first_name", "last_name", "email", "profile", "phone", "password", "created_at", "updated_at") VALUES (?, ?, ?, ?, ?, ?, ?, ?)[0m  [["first_name", "Myra"], ["last_name", "Veum"], ["email", "tari.crist@leffler.name"], ["profile", "We need to program the redundant SQL firewall!"], ["phone", "5182468201"], ["password", "9890292408"], ["created_at", "2020-02-11 16:32:50.489418"], ["updated_at", "2020-02-11 16:32:50.489418"]]
  [1m[35m (0.8ms)[0m  [1m[36mcommit transaction[0m
  [1m[35m (0.0ms)[0m  [1m[36mbegin transaction[0m
  [1m[36mUser Create (0.3ms)[0m  [1m[32mINSERT INTO "users" ("first_name", "last_name", "email", "profile", "phone", "password", "created_at", "updated_at") VALUES (?, ?, ?, ?, ?, ?, ?, ?)[0m  [["first_name", "Marguerita"], ["last_name", "Carter"], ["email", "allena@millshalvorson.net"], ["profile", "If we synthesize the circuit, we can get to the JBOD firewall through the virtual HTTP sensor!"], ["phone", "3032886111"], ["password", "2494461013"], ["created_at", "2020-02-11 16:32:50.495252"], ["updated_at", "2020-02-11 16:32:50.495252"]]
  [1m[35m (0.9ms)[0m  [1m[36mcommit transaction[0m
  [1m[35m (0.0ms)[0m  [1m[36mbegin transaction[0m
  [1m[36mUser Create (0.3ms)[0m  [1m[32mINSERT INTO "users" ("first_name", "last_name", "email", "profile", "phone", "password", "created_at", "updated_at") VALUES (?, ?, ?, ?, ?, ?, ?, ?)[0m  [["first_name", "Orville"], ["last_name", "Dibbert"], ["email", "vern@gerlachstracke.org"], ["profile", "Calculating the card won't do anything, we need to quantify the redundant hdd microchip!"], ["phone", "8978553727"], ["password", "4662627022"], ["created_at", "2020-02-11 16:32:50.501220"], ["updated_at", "2020-02-11 16:32:50.501220"]]
  [1m[35m (0.9ms)[0m  [1m[36mcommit transaction[0m
  [1m[35m (0.0ms)[0m  [1m[36mbegin transaction[0m
  [1m[36mUser Create (0.3ms)[0m  [1m[32mINSERT INTO "users" ("first_name", "last_name", "email", "profile", "phone", "password", "created_at", "updated_at") VALUES (?, ?, ?, ?, ?, ?, ?, ?)[0m  [["first_name", "Maren"], ["last_name", "Weissnat"], ["email", "chara@murphy.org"], ["profile", "Copying the capacitor won't do anything, we need to parse the solid state png bus!"], ["phone", "4056140234"], ["password", "7291376835"], ["created_at", "2020-02-11 16:32:50.507028"], ["updated_at", "2020-02-11 16:32:50.507028"]]
  [1m[35m (0.8ms)[0m  [1m[36mcommit transaction[0m
